# JRE version: OpenJDK Runtime Environment Temurin-21.0.7+6 (21.0.7+6) (build 21.0.7+6-LTS)
# Java VM: OpenJDK 64-Bit Server VM Temurin-21.0.7+6 (21.0.7+6-LTS, mixed mode, sharing, tiered, compressed oops, compressed class ptrs, parallel gc, windows-amd64)
GC Precious Log:
 CardTable entry size: 512
 CPUs: 16 total, 16 available
 Memory: 32705M
 Large Page Support: Disabled
 NUMA Support: Disabled
 Compressed Oops: Enabled (32-bit)
 Alignments: Space 512K, Generation 512K, Heap 2M
 Heap Min Capacity: 100M
 Heap Initial Capacity: 100M
 Heap Max Capacity: 2G
 Pre-touch: Disabled
 Parallel Workers: 13
Heap:
 PSYoungGen      total 4096K, used 3724K [0x00000000d5580000, 0x00000000d5a80000, 0x0000000100000000)
  eden space 3072K, 100% used [0x00000000d5580000,0x00000000d5880000,0x00000000d5880000)
  from space 1024K, 63% used [0x00000000d5980000,0x00000000d5a23008,0x00000000d5a80000)
  to   space 1024K, 59% used [0x00000000d5880000,0x00000000d5918000,0x00000000d5980000)
 ParOldGen       total 477184K, used 476727K [0x0000000080000000, 0x000000009d200000, 0x00000000d5580000)
  object space 477184K, 99% used [0x0000000080000000,0x000000009d18dd90,0x000000009d200000)
 Metaspace       used 66959K, committed 68480K, reserved 1114112K
  class space    used 6702K, committed 7424K, reserved 1048576K
GC Heap History (20 events):
Event: 11.398 GC heap after
{Heap after GC invocations=1108 (full 3):
 PSYoungGen      total 4096K, used 914K [0x00000000d5580000, 0x00000000d5a80000, 0x0000000100000000)
  eden space 3072K, 0% used [0x00000000d5580000,0x00000000d5580000,0x00000000d5880000)
  from space 1024K, 89% used [0x00000000d5880000,0x00000000d5964b40,0x00000000d5980000)
  to   space 1024K, 0% used [0x00000000d5980000,0x00000000d5980000,0x00000000d5a80000)
 ParOldGen       total 473088K, used 472618K [0x0000000080000000, 0x000000009ce00000, 0x00000000d5580000)
  object space 473088K, 99% used [0x0000000080000000,0x000000009cd8a888,0x000000009ce00000)
 Metaspace       used 66958K, committed 68480K, reserved 1114112K
  class space    used 6702K, committed 7424K, reserved 1048576K
}
Event: 11.421 GC heap before
{Heap before GC invocations=1109 (full 3):
 PSYoungGen      total 4096K, used 3986K [0x00000000d5580000, 0x00000000d5a80000, 0x0000000100000000)
  eden space 3072K, 100% used [0x00000000d5580000,0x00000000d5880000,0x00000000d5880000)
  from space 1024K, 89% used [0x00000000d5880000,0x00000000d5964b40,0x00000000d5980000)
  to   space 1024K, 0% used [0x00000000d5980000,0x00000000d5980000,0x00000000d5a80000)
 ParOldGen       total 473088K, used 472618K [0x0000000080000000, 0x000000009ce00000, 0x00000000d5580000)
  object space 473088K, 99% used [0x0000000080000000,0x000000009cd8a888,0x000000009ce00000)
 Metaspace       used 66958K, committed 68480K, reserved 1114112K
  class space    used 6702K, committed 7424K, reserved 1048576K
}
Event: 11.422 GC heap after
{Heap after GC invocations=1109 (full 3):
 PSYoungGen      total 4096K, used 436K [0x00000000d5580000, 0x00000000d5a80000, 0x0000000100000000)
  eden space 3072K, 0% used [0x00000000d5580000,0x00000000d5580000,0x00000000d5880000)
  from space 1024K, 42% used [0x00000000d5980000,0x00000000d59ed0e0,0x00000000d5a80000)
  to   space 1024K, 0% used [0x00000000d5880000,0x00000000d5880000,0x00000000d5980000)
 ParOldGen       total 473088K, used 472890K [0x0000000080000000, 0x000000009ce00000, 0x00000000d5580000)
  object space 473088K, 99% used [0x0000000080000000,0x000000009cdce888,0x000000009ce00000)
 Metaspace       used 66958K, committed 68480K, reserved 1114112K
  class space    used 6702K, committed 7424K, reserved 1048576K
}
Event: 11.426 GC heap before
{Heap before GC invocations=1110 (full 3):
 PSYoungGen      total 4096K, used 3508K [0x00000000d5580000, 0x00000000d5a80000, 0x0000000100000000)
  eden space 3072K, 100% used [0x00000000d5580000,0x00000000d5880000,0x00000000d5880000)
  from space 1024K, 42% used [0x00000000d5980000,0x00000000d59ed0e0,0x00000000d5a80000)
  to   space 1024K, 0% used [0x00000000d5880000,0x00000000d5880000,0x00000000d5980000)
 ParOldGen       total 473088K, used 472890K [0x0000000080000000, 0x000000009ce00000, 0x00000000d5580000)
  object space 473088K, 99% used [0x0000000080000000,0x000000009cdce888,0x000000009ce00000)
 Metaspace       used 66958K, committed 68480K, reserved 1114112K
  class space    used 6702K, committed 7424K, reserved 1048576K
}
Event: 11.426 GC heap after
{Heap after GC invocations=1110 (full 3):
 PSYoungGen      total 4096K, used 544K [0x00000000d5580000, 0x00000000d5a80000, 0x0000000100000000)
  eden space 3072K, 0% used [0x00000000d5580000,0x00000000d5580000,0x00000000d5880000)
  from space 1024K, 53% used [0x00000000d5880000,0x00000000d5908000,0x00000000d5980000)
  to   space 1024K, 0% used [0x00000000d5980000,0x00000000d5980000,0x00000000d5a80000)
 ParOldGen       total 473600K, used 473122K [0x0000000080000000, 0x000000009ce80000, 0x00000000d5580000)
  object space 473600K, 99% used [0x0000000080000000,0x000000009ce08978,0x000000009ce80000)
 Metaspace       used 66958K, committed 68480K, reserved 1114112K
  class space    used 6702K, committed 7424K, reserved 1048576K
}
Event: 11.431 GC heap before
{Heap before GC invocations=1111 (full 3):
 PSYoungGen      total 4096K, used 3616K [0x00000000d5580000, 0x00000000d5a80000, 0x0000000100000000)
  eden space 3072K, 100% used [0x00000000d5580000,0x00000000d5880000,0x00000000d5880000)
  from space 1024K, 53% used [0x00000000d5880000,0x00000000d5908000,0x00000000d5980000)
  to   space 1024K, 0% used [0x00000000d5980000,0x00000000d5980000,0x00000000d5a80000)
 ParOldGen       total 473600K, used 473122K [0x0000000080000000, 0x000000009ce80000, 0x00000000d5580000)
  object space 473600K, 99% used [0x0000000080000000,0x000000009ce08978,0x000000009ce80000)
 Metaspace       used 66958K, committed 68480K, reserved 1114112K
  class space    used 6702K, committed 7424K, reserved 1048576K
}
Event: 11.432 GC heap after
{Heap after GC invocations=1111 (full 3):
 PSYoungGen      total 4096K, used 667K [0x00000000d5580000, 0x00000000d5a80000, 0x0000000100000000)
  eden space 3072K, 0% used [0x00000000d5580000,0x00000000d5580000,0x00000000d5880000)
  from space 1024K, 65% used [0x00000000d5980000,0x00000000d5a26c08,0x00000000d5a80000)
  to   space 1024K, 0% used [0x00000000d5880000,0x00000000d5880000,0x00000000d5980000)
 ParOldGen       total 473600K, used 473562K [0x0000000080000000, 0x000000009ce80000, 0x00000000d5580000)
  object space 473600K, 99% used [0x0000000080000000,0x000000009ce76978,0x000000009ce80000)
 Metaspace       used 66958K, committed 68480K, reserved 1114112K
  class space    used 6702K, committed 7424K, reserved 1048576K
}
Event: 11.436 GC heap before
{Heap before GC invocations=1112 (full 3):
 PSYoungGen      total 4096K, used 3739K [0x00000000d5580000, 0x00000000d5a80000, 0x0000000100000000)
  eden space 3072K, 100% used [0x00000000d5580000,0x00000000d5880000,0x00000000d5880000)
  from space 1024K, 65% used [0x00000000d5980000,0x00000000d5a26c08,0x00000000d5a80000)
  to   space 1024K, 0% used [0x00000000d5880000,0x00000000d5880000,0x00000000d5980000)
 ParOldGen       total 473600K, used 473562K [0x0000000080000000, 0x000000009ce80000, 0x00000000d5580000)
  object space 473600K, 99% used [0x0000000080000000,0x000000009ce76978,0x000000009ce80000)
 Metaspace       used 66958K, committed 68480K, reserved 1114112K
  class space    used 6702K, committed 7424K, reserved 1048576K
}
Event: 11.437 GC heap after
{Heap after GC invocations=1112 (full 3):
 PSYoungGen      total 4096K, used 576K [0x00000000d5580000, 0x00000000d5a80000, 0x0000000100000000)
  eden space 3072K, 0% used [0x00000000d5580000,0x00000000d5580000,0x00000000d5880000)
  from space 1024K, 56% used [0x00000000d5880000,0x00000000d5910000,0x00000000d5980000)
  to   space 1024K, 0% used [0x00000000d5980000,0x00000000d5980000,0x00000000d5a80000)
 ParOldGen       total 474112K, used 474029K [0x0000000080000000, 0x000000009cf00000, 0x00000000d5580000)
  object space 474112K, 99% used [0x0000000080000000,0x000000009ceeb580,0x000000009cf00000)
 Metaspace       used 66958K, committed 68480K, reserved 1114112K
  class space    used 6702K, committed 7424K, reserved 1048576K
}
Event: 11.441 GC heap before
{Heap before GC invocations=1113 (full 3):
 PSYoungGen      total 4096K, used 3648K [0x00000000d5580000, 0x00000000d5a80000, 0x0000000100000000)
  eden space 3072K, 100% used [0x00000000d5580000,0x00000000d5880000,0x00000000d5880000)
  from space 1024K, 56% used [0x00000000d5880000,0x00000000d5910000,0x00000000d5980000)
  to   space 1024K, 0% used [0x00000000d5980000,0x00000000d5980000,0x00000000d5a80000)
 ParOldGen       total 474112K, used 474029K [0x0000000080000000, 0x000000009cf00000, 0x00000000d5580000)
  object space 474112K, 99% used [0x0000000080000000,0x000000009ceeb580,0x000000009cf00000)
 Metaspace       used 66958K, committed 68480K, reserved 1114112K
  class space    used 6702K, committed 7424K, reserved 1048576K
}
Event: 11.442 GC heap after
{Heap after GC invocations=1113 (full 3):
 PSYoungGen      total 4096K, used 662K [0x00000000d5580000, 0x00000000d5a80000, 0x0000000100000000)
  eden space 3072K, 0% used [0x00000000d5580000,0x00000000d5580000,0x00000000d5880000)
  from space 1024K, 64% used [0x00000000d5980000,0x00000000d5a25808,0x00000000d5a80000)
  to   space 1024K, 0% used [0x00000000d5880000,0x00000000d5880000,0x00000000d5980000)
 ParOldGen       total 474624K, used 474469K [0x0000000080000000, 0x000000009cf80000, 0x00000000d5580000)
  object space 474624K, 99% used [0x0000000080000000,0x000000009cf59580,0x000000009cf80000)
 Metaspace       used 66958K, committed 68480K, reserved 1114112K
  class space    used 6702K, committed 7424K, reserved 1048576K
}
Event: 11.446 GC heap before
{Heap before GC invocations=1114 (full 3):
 PSYoungGen      total 4096K, used 3734K [0x00000000d5580000, 0x00000000d5a80000, 0x0000000100000000)
  eden space 3072K, 100% used [0x00000000d5580000,0x00000000d5880000,0x00000000d5880000)
  from space 1024K, 64% used [0x00000000d5980000,0x00000000d5a25808,0x00000000d5a80000)
  to   space 1024K, 0% used [0x00000000d5880000,0x00000000d5880000,0x00000000d5980000)
 ParOldGen       total 474624K, used 474469K [0x0000000080000000, 0x000000009cf80000, 0x00000000d5580000)
  object space 474624K, 99% used [0x0000000080000000,0x000000009cf59580,0x000000009cf80000)
 Metaspace       used 66959K, committed 68480K, reserved 1114112K
  class space    used 6702K, committed 7424K, reserved 1048576K
}
Event: 11.447 GC heap after
{Heap after GC invocations=1114 (full 3):
 PSYoungGen      total 4096K, used 590K [0x00000000d5580000, 0x00000000d5a80000, 0x0000000100000000)
  eden space 3072K, 0% used [0x00000000d5580000,0x00000000d5580000,0x00000000d5880000)
  from space 1024K, 57% used [0x00000000d5880000,0x00000000d5913800,0x00000000d5980000)
  to   space 1024K, 0% used [0x00000000d5980000,0x00000000d5980000,0x00000000d5a80000)
 ParOldGen       total 475136K, used 474955K [0x0000000080000000, 0x000000009d000000, 0x00000000d5580000)
  object space 475136K, 99% used [0x0000000080000000,0x000000009cfd2d88,0x000000009d000000)
 Metaspace       used 66959K, committed 68480K, reserved 1114112K
  class space    used 6702K, committed 7424K, reserved 1048576K
}
Event: 11.451 GC heap before
{Heap before GC invocations=1115 (full 3):
 PSYoungGen      total 4096K, used 3661K [0x00000000d5580000, 0x00000000d5a80000, 0x0000000100000000)
  eden space 3072K, 99% used [0x00000000d5580000,0x00000000d587fee8,0x00000000d5880000)
  from space 1024K, 57% used [0x00000000d5880000,0x00000000d5913800,0x00000000d5980000)
  to   space 1024K, 0% used [0x00000000d5980000,0x00000000d5980000,0x00000000d5a80000)
 ParOldGen       total 475136K, used 474955K [0x0000000080000000, 0x000000009d000000, 0x00000000d5580000)
  object space 475136K, 99% used [0x0000000080000000,0x000000009cfd2d88,0x000000009d000000)
 Metaspace       used 66959K, committed 68480K, reserved 1114112K
  class space    used 6702K, committed 7424K, reserved 1048576K
}
Event: 11.451 GC heap after
{Heap after GC invocations=1115 (full 3):
 PSYoungGen      total 4096K, used 608K [0x00000000d5580000, 0x00000000d5a80000, 0x0000000100000000)
  eden space 3072K, 0% used [0x00000000d5580000,0x00000000d5580000,0x00000000d5880000)
  from space 1024K, 59% used [0x00000000d5980000,0x00000000d5a18000,0x00000000d5a80000)
  to   space 1024K, 0% used [0x00000000d5880000,0x00000000d5880000,0x00000000d5980000)
 ParOldGen       total 475648K, used 475371K [0x0000000080000000, 0x000000009d080000, 0x00000000d5580000)
  object space 475648K, 99% used [0x0000000080000000,0x000000009d03ad88,0x000000009d080000)
 Metaspace       used 66959K, committed 68480K, reserved 1114112K
  class space    used 6702K, committed 7424K, reserved 1048576K
}
Event: 11.455 GC heap before
{Heap before GC invocations=1116 (full 3):
 PSYoungGen      total 4096K, used 3680K [0x00000000d5580000, 0x00000000d5a80000, 0x0000000100000000)
  eden space 3072K, 100% used [0x00000000d5580000,0x00000000d5880000,0x00000000d5880000)
  from space 1024K, 59% used [0x00000000d5980000,0x00000000d5a18000,0x00000000d5a80000)
  to   space 1024K, 0% used [0x00000000d5880000,0x00000000d5880000,0x00000000d5980000)
 ParOldGen       total 475648K, used 475371K [0x0000000080000000, 0x000000009d080000, 0x00000000d5580000)
  object space 475648K, 99% used [0x0000000080000000,0x000000009d03ad88,0x000000009d080000)
 Metaspace       used 66959K, committed 68480K, reserved 1114112K
  class space    used 6702K, committed 7424K, reserved 1048576K
}
Event: 11.456 GC heap after
{Heap after GC invocations=1116 (full 3):
 PSYoungGen      total 4096K, used 512K [0x00000000d5580000, 0x00000000d5a80000, 0x0000000100000000)
  eden space 3072K, 0% used [0x00000000d5580000,0x00000000d5580000,0x00000000d5880000)
  from space 1024K, 50% used [0x00000000d5880000,0x00000000d5900000,0x00000000d5980000)
  to   space 1024K, 0% used [0x00000000d5980000,0x00000000d5980000,0x00000000d5a80000)
 ParOldGen       total 476160K, used 475803K [0x0000000080000000, 0x000000009d100000, 0x00000000d5580000)
  object space 476160K, 99% used [0x0000000080000000,0x000000009d0a6d88,0x000000009d100000)
 Metaspace       used 66959K, committed 68480K, reserved 1114112K
  class space    used 6702K, committed 7424K, reserved 1048576K
}
Event: 11.461 GC heap before
{Heap before GC invocations=1117 (full 3):
 PSYoungGen      total 4096K, used 3584K [0x00000000d5580000, 0x00000000d5a80000, 0x0000000100000000)
  eden space 3072K, 100% used [0x00000000d5580000,0x00000000d5880000,0x00000000d5880000)
  from space 1024K, 50% used [0x00000000d5880000,0x00000000d5900000,0x00000000d5980000)
  to   space 1024K, 0% used [0x00000000d5980000,0x00000000d5980000,0x00000000d5a80000)
 ParOldGen       total 476160K, used 475803K [0x0000000080000000, 0x000000009d100000, 0x00000000d5580000)
  object space 476160K, 99% used [0x0000000080000000,0x000000009d0a6d88,0x000000009d100000)
 Metaspace       used 66959K, committed 68480K, reserved 1114112K
  class space    used 6702K, committed 7424K, reserved 1048576K
}
Event: 11.461 GC heap after
{Heap after GC invocations=1117 (full 3):
 PSYoungGen      total 4096K, used 652K [0x00000000d5580000, 0x00000000d5a80000, 0x0000000100000000)
  eden space 3072K, 0% used [0x00000000d5580000,0x00000000d5580000,0x00000000d5880000)
  from space 1024K, 63% used [0x00000000d5980000,0x00000000d5a23008,0x00000000d5a80000)
  to   space 1024K, 0% used [0x00000000d5880000,0x00000000d5880000,0x00000000d5980000)
 ParOldGen       total 476672K, used 476195K [0x0000000080000000, 0x000000009d180000, 0x00000000d5580000)
  object space 476672K, 99% used [0x0000000080000000,0x000000009d108d88,0x000000009d180000)
 Metaspace       used 66959K, committed 68480K, reserved 1114112K
  class space    used 6702K, committed 7424K, reserved 1048576K
}
Event: 11.466 GC heap before
{Heap before GC invocations=1118 (full 3):
 PSYoungGen      total 4096K, used 3724K [0x00000000d5580000, 0x00000000d5a80000, 0x0000000100000000)
  eden space 3072K, 100% used [0x00000000d5580000,0x00000000d5880000,0x00000000d5880000)
  from space 1024K, 63% used [0x00000000d5980000,0x00000000d5a23008,0x00000000d5a80000)
  to   space 1024K, 0% used [0x00000000d5880000,0x00000000d5880000,0x00000000d5980000)
 ParOldGen       total 476672K, used 476195K [0x0000000080000000, 0x000000009d180000, 0x00000000d5580000)
  object space 476672K, 99% used [0x0000000080000000,0x000000009d108d88,0x000000009d180000)
 Metaspace       used 66959K, committed 68480K, reserved 1114112K
  class space    used 6702K, committed 7424K, reserved 1048576K
}

